;;; 
Export: Release 11.2.0.2.0 - Production on Mar Oct 13 22:28:05 2020

Copyright (c) 1982, 2009, Oracle and/or its affiliates.  All rights reserved.
;;; 
Connected to: Oracle Database 11g Express Edition Release 11.2.0.2.0 - 64bit Production
Starting "SYSTEM"."SYS_EXPORT_SCHEMA_01":  system/******** schemas=ken dumpfile=g1pis.dmp 
Estimate in progress using BLOCKS method...
Processing object type SCHEMA_EXPORT/TABLE/TABLE_DATA
Total estimation using BLOCKS method: 512 KB
Processing object type SCHEMA_EXPORT/USER
Processing object type SCHEMA_EXPORT/SYSTEM_GRANT
Processing object type SCHEMA_EXPORT/ROLE_GRANT
Processing object type SCHEMA_EXPORT/DEFAULT_ROLE
Processing object type SCHEMA_EXPORT/PRE_SCHEMA/PROCACT_SCHEMA
Processing object type SCHEMA_EXPORT/SEQUENCE/SEQUENCE
Processing object type SCHEMA_EXPORT/TABLE/TABLE
Processing object type SCHEMA_EXPORT/TABLE/INDEX/INDEX
Processing object type SCHEMA_EXPORT/TABLE/CONSTRAINT/CONSTRAINT
Processing object type SCHEMA_EXPORT/TABLE/INDEX/STATISTICS/INDEX_STATISTICS
Processing object type SCHEMA_EXPORT/TABLE/CONSTRAINT/REF_CONSTRAINT
Processing object type SCHEMA_EXPORT/TABLE/STATISTICS/TABLE_STATISTICS
. . exported "KEN"."CATEGORIA_PLATO"                     5.507 KB       5 rows
. . exported "KEN"."COMENTARIOS"                         6.742 KB      10 rows
. . exported "KEN"."MESAS"                               7.617 KB      45 rows
. . exported "KEN"."PLATO"                               8.960 KB      88 rows
. . exported "KEN"."RESERVACIONES"                       7.960 KB      29 rows
. . exported "KEN"."ROLES"                               5.429 KB       2 rows
. . exported "KEN"."TOTAL_MESAS"                         5.015 KB       1 rows
. . exported "KEN"."USUARIOS"                            8.953 KB      12 rows
Master table "SYSTEM"."SYS_EXPORT_SCHEMA_01" successfully loaded/unloaded
******************************************************************************
Dump file set for SYSTEM.SYS_EXPORT_SCHEMA_01 is:
  C:\ORACLEXE\APP\ORACLE\ADMIN\XE\DPDUMP\G1PIS.DMP
Job "SYSTEM"."SYS_EXPORT_SCHEMA_01" successfully completed at 22:28:33
